0 info it worked if it ends with ok
1 verbose cli [ 'C:\\Program Files\\nodejs\\node.exe',
1 verbose cli   'C:\\Program Files\\nodejs\\node_modules\\npm\\bin\\npm-cli.js',
1 verbose cli   'install',
1 verbose cli   'jquery' ]
2 info using npm@3.10.8
3 info using node@v6.9.1
4 silly loadCurrentTree Starting
5 silly install loadCurrentTree
6 silly install readLocalPackageData
7 silly fetchPackageMetaData jquery
8 silly fetchNamedPackageData jquery
9 silly mapToRegistry name jquery
10 silly mapToRegistry using default registry
11 silly mapToRegistry registry https://registry.npmjs.org/
12 silly mapToRegistry data Result {
12 silly mapToRegistry   raw: 'jquery',
12 silly mapToRegistry   scope: null,
12 silly mapToRegistry   escapedName: 'jquery',
12 silly mapToRegistry   name: 'jquery',
12 silly mapToRegistry   rawSpec: '',
12 silly mapToRegistry   spec: 'latest',
12 silly mapToRegistry   type: 'tag' }
13 silly mapToRegistry uri https://registry.npmjs.org/jquery
14 verbose request uri https://registry.npmjs.org/jquery
15 verbose request no auth needed
16 info attempt registry request try #1 at 15:08:31
17 verbose request id ebd008e81b4caf54
18 http request GET https://registry.npmjs.org/jquery
19 http 200 https://registry.npmjs.org/jquery
20 verbose headers { server: 'CouchDB/1.5.0 (Erlang OTP/R16B03)',
20 verbose headers   'content-type': 'application/json',
20 verbose headers   etag: '"58263342-147c1"',
20 verbose headers   'content-encoding': 'gzip',
20 verbose headers   'cache-control': 'max-age=300',
20 verbose headers   'content-length': '12155',
20 verbose headers   'accept-ranges': 'bytes',
20 verbose headers   date: 'Sun, 13 Nov 2016 14:08:34 GMT',
20 verbose headers   via: '1.1 varnish',
20 verbose headers   age: '0',
20 verbose headers   connection: 'keep-alive',
20 verbose headers   'x-served-by': 'cache-bma7023-BMA',
20 verbose headers   'x-cache': 'HIT',
20 verbose headers   'x-cache-hits': '1',
20 verbose headers   'x-timer': 'S1479046113.838826,VS0,VE321',
20 verbose headers   vary: 'Accept-Encoding' }
21 silly get cb [ 200,
21 silly get   { server: 'CouchDB/1.5.0 (Erlang OTP/R16B03)',
21 silly get     'content-type': 'application/json',
21 silly get     etag: '"58263342-147c1"',
21 silly get     'content-encoding': 'gzip',
21 silly get     'cache-control': 'max-age=300',
21 silly get     'content-length': '12155',
21 silly get     'accept-ranges': 'bytes',
21 silly get     date: 'Sun, 13 Nov 2016 14:08:34 GMT',
21 silly get     via: '1.1 varnish',
21 silly get     age: '0',
21 silly get     connection: 'keep-alive',
21 silly get     'x-served-by': 'cache-bma7023-BMA',
21 silly get     'x-cache': 'HIT',
21 silly get     'x-cache-hits': '1',
21 silly get     'x-timer': 'S1479046113.838826,VS0,VE321',
21 silly get     vary: 'Accept-Encoding' } ]
22 verbose get saving jquery to C:\Users\Linus K\AppData\Roaming\npm-cache\registry.npmjs.org\jquery\.cache.json
23 verbose correctMkdir C:\Users\Linus K\AppData\Roaming\npm-cache correctMkdir not in flight; initializing
24 silly install normalizeTree
25 silly loadCurrentTree Finishing
26 silly loadIdealTree Starting
27 silly install loadIdealTree
28 silly cloneCurrentTree Starting
29 silly install cloneCurrentTreeToIdealTree
30 silly cloneCurrentTree Finishing
31 silly loadShrinkwrap Starting
32 silly install loadShrinkwrap
33 silly loadShrinkwrap Finishing
34 silly loadAllDepsIntoIdealTree Starting
35 silly install loadAllDepsIntoIdealTree
36 silly resolveWithNewModule jquery@3.1.1 checking installable status
37 silly cache add args [ 'jquery', null ]
38 verbose cache add spec jquery
39 silly cache add parsed spec Result {
39 silly cache add   raw: 'jquery',
39 silly cache add   scope: null,
39 silly cache add   escapedName: 'jquery',
39 silly cache add   name: 'jquery',
39 silly cache add   rawSpec: '',
39 silly cache add   spec: 'latest',
39 silly cache add   type: 'tag' }
40 silly addNamed jquery@latest
41 verbose addNamed "latest" is being treated as a dist-tag for jquery
42 info addNameTag [ 'jquery', 'latest' ]
43 silly mapToRegistry name jquery
44 silly mapToRegistry using default registry
45 silly mapToRegistry registry https://registry.npmjs.org/
46 silly mapToRegistry data Result {
46 silly mapToRegistry   raw: 'jquery',
46 silly mapToRegistry   scope: null,
46 silly mapToRegistry   escapedName: 'jquery',
46 silly mapToRegistry   name: 'jquery',
46 silly mapToRegistry   rawSpec: '',
46 silly mapToRegistry   spec: 'latest',
46 silly mapToRegistry   type: 'tag' }
47 silly mapToRegistry uri https://registry.npmjs.org/jquery
48 verbose addNameTag registry:https://registry.npmjs.org/jquery not in flight; fetching
49 verbose get https://registry.npmjs.org/jquery not expired, no request
50 silly addNameTag next cb for jquery with tag latest
51 silly addNamed jquery@3.1.1
52 verbose addNamed "3.1.1" is a plain semver version for jquery
53 silly mapToRegistry name jquery
54 silly mapToRegistry using default registry
55 silly mapToRegistry registry https://registry.npmjs.org/
56 silly mapToRegistry data Result {
56 silly mapToRegistry   raw: 'jquery',
56 silly mapToRegistry   scope: null,
56 silly mapToRegistry   escapedName: 'jquery',
56 silly mapToRegistry   name: 'jquery',
56 silly mapToRegistry   rawSpec: '',
56 silly mapToRegistry   spec: 'latest',
56 silly mapToRegistry   type: 'tag' }
57 silly mapToRegistry uri https://registry.npmjs.org/jquery
58 verbose addRemoteTarball https://registry.npmjs.org/jquery/-/jquery-3.1.1.tgz not in flight; adding
59 verbose addRemoteTarball [ 'https://registry.npmjs.org/jquery/-/jquery-3.1.1.tgz',
59 verbose addRemoteTarball   '347c1c21c7e004115e0a4da32cece041fad3c8a3' ]
60 info retry fetch attempt 1 at 15:08:32
61 info attempt registry request try #1 at 15:08:32
62 http fetch GET https://registry.npmjs.org/jquery/-/jquery-3.1.1.tgz
63 http fetch 200 https://registry.npmjs.org/jquery/-/jquery-3.1.1.tgz
64 info retry will retry, error on last attempt: Error: read ECONNRESET
65 silly fetchAndShaCheck shasum 347c1c21c7e004115e0a4da32cece041fad3c8a3
66 silly rollbackFailedOptional Starting
67 silly rollbackFailedOptional Finishing
68 silly runTopLevelLifecycles Finishing
69 silly install printInstalled
70 verbose stack Error: shasum check failed for C:\Users\LINUSK~1\AppData\Local\Temp\npm-6036-6d67cc97\registry.npmjs.org\jquery\-\jquery-3.1.1.tgz
70 verbose stack Expected: 347c1c21c7e004115e0a4da32cece041fad3c8a3
70 verbose stack Actual:   3a31684a56918402778469c74125c9cbbd8d828d
70 verbose stack From:     https://registry.npmjs.org/jquery/-/jquery-3.1.1.tgz
70 verbose stack     at C:\Program Files\nodejs\node_modules\npm\node_modules\sha\index.js:25:8
70 verbose stack     at ReadStream.<anonymous> (C:\Program Files\nodejs\node_modules\npm\node_modules\sha\index.js:72:7)
70 verbose stack     at emitNone (events.js:91:20)
70 verbose stack     at ReadStream.emit (events.js:185:7)
70 verbose stack     at endReadableNT (_stream_readable.js:974:12)
70 verbose stack     at _combinedTickCallback (internal/process/next_tick.js:74:11)
70 verbose stack     at process._tickCallback (internal/process/next_tick.js:98:9)
71 verbose cwd C:\dev\playground
72 error Windows_NT 10.0.10586
73 error argv "C:\\Program Files\\nodejs\\node.exe" "C:\\Program Files\\nodejs\\node_modules\\npm\\bin\\npm-cli.js" "install" "jquery"
74 error node v6.9.1
75 error npm  v3.10.8
76 error shasum check failed for C:\Users\LINUSK~1\AppData\Local\Temp\npm-6036-6d67cc97\registry.npmjs.org\jquery\-\jquery-3.1.1.tgz
76 error Expected: 347c1c21c7e004115e0a4da32cece041fad3c8a3
76 error Actual:   3a31684a56918402778469c74125c9cbbd8d828d
76 error From:     https://registry.npmjs.org/jquery/-/jquery-3.1.1.tgz
77 error If you need help, you may report this error at:
77 error     <https://github.com/npm/npm/issues>
78 verbose exit [ 1, true ]
